<?xml version="1.0" encoding="UTF-8"?>
<!-- Generated by org.testng.reporters.JUnitReportReporter -->
<testsuite skipped="0" hostname="LAPTOP-CT7IBV5D" name="com.qa.Webservices.TestCases.TC01_getRequestResponseRESTfulWebService" tests="1" failures="0" timestamp="15 Oct 2018 10:44:30 GMT" time="2.139" errors="0">
  <testcase name="TC02_getRequestResponseRESTfulWebServiceTest" time="2.139" classname="com.qa.Webservices.TestCases.TC01_getRequestResponseRESTfulWebService"/>
</testsuite> <!-- com.qa.Webservices.TestCases.TC01_getRequestResponseRESTfulWebService -->
