<?xml version="1.0" encoding="UTF-8"?>
<!-- Generated by org.testng.reporters.JUnitReportReporter -->
<testsuite skipped="0" hostname="LAPTOP-CT7IBV5D" name="com.qa.Webservices.TestCases.TC02_psotRequestResponseRESTfulWebService" tests="1" failures="0" timestamp="15 Oct 2018 13:42:47 GMT" time="1.928" errors="0">
  <testcase name="TC02_postRequestResponseRESTfulWebServiceTest" time="1.928" classname="com.qa.Webservices.TestCases.TC02_psotRequestResponseRESTfulWebService"/>
</testsuite> <!-- com.qa.Webservices.TestCases.TC02_psotRequestResponseRESTfulWebService -->
